This is pdfTeX, Version 3.141592653-2.6-1.40.25 (TeX Live 2023) (preloaded format=pdflatex 2024.2.21)  19 MAR 2024 21:37
entering extended mode
 restricted \write18 enabled.
 %&-line parsing enabled.
**/Users/evawyy/homework/OtherItem/2/solution/OtherItem2.tex
(/Users/evawyy/homework/OtherItem/2/solution/OtherItem2.tex
LaTeX2e <2022-11-01> patch level 1
L3 programming layer <2023-02-22>
(/usr/local/texlive/2023/texmf-dist/tex/latex/base/article.cls
Document Class: article 2022/07/02 v1.4n Standard LaTeX document class
(/usr/local/texlive/2023/texmf-dist/tex/latex/base/size10.clo
File: size10.clo 2022/07/02 v1.4n Standard LaTeX file (size option)
)
\c@part=\count185
\c@section=\count186
\c@subsection=\count187
\c@subsubsection=\count188
\c@paragraph=\count189
\c@subparagraph=\count190
\c@figure=\count191
\c@table=\count192
\abovecaptionskip=\skip48
\belowcaptionskip=\skip49
\bibindent=\dimen140
)
(/usr/local/texlive/2023/texmf-dist/tex/latex/cjk/texinput/CJKutf8.sty
Package: CJKutf8 2021/10/16 4.8.5

(/usr/local/texlive/2023/texmf-dist/tex/generic/iftex/ifpdf.sty
Package: ifpdf 2019/10/25 v3.4 ifpdf legacy package. Use iftex instead.

(/usr/local/texlive/2023/texmf-dist/tex/generic/iftex/iftex.sty
Package: iftex 2022/02/03 v1.0f TeX engine tests
))
(/usr/local/texlive/2023/texmf-dist/tex/latex/base/inputenc.sty
Package: inputenc 2021/02/14 v1.3d Input encoding file
\inpenc@prehook=\toks16
\inpenc@posthook=\toks17
)
(/usr/local/texlive/2023/texmf-dist/tex/latex/cjk/texinput/CJK.sty
Package: CJK 2021/10/16 4.8.5

(/usr/local/texlive/2023/texmf-dist/tex/latex/cjk/texinput/mule/MULEenc.sty
Package: MULEenc 2021/10/16 4.8.5
)
(/usr/local/texlive/2023/texmf-dist/tex/latex/cjk/texinput/CJK.enc
File: CJK.enc 2021/10/16 4.8.5
Now handling font encoding C00 ...
... no UTF-8 mapping file for font encoding C00
Now handling font encoding C05 ...
... no UTF-8 mapping file for font encoding C05
Now handling font encoding C09 ...
... no UTF-8 mapping file for font encoding C09
Now handling font encoding C10 ...
... no UTF-8 mapping file for font encoding C10
Now handling font encoding C20 ...
... no UTF-8 mapping file for font encoding C20
Now handling font encoding C19 ...
... no UTF-8 mapping file for font encoding C19
Now handling font encoding C40 ...
... no UTF-8 mapping file for font encoding C40
Now handling font encoding C42 ...
... no UTF-8 mapping file for font encoding C42
Now handling font encoding C43 ...
... no UTF-8 mapping file for font encoding C43
Now handling font encoding C50 ...
... no UTF-8 mapping file for font encoding C50
Now handling font encoding C52 ...
... no UTF-8 mapping file for font encoding C52
Now handling font encoding C49 ...
... no UTF-8 mapping file for font encoding C49
Now handling font encoding C60 ...
... no UTF-8 mapping file for font encoding C60
Now handling font encoding C61 ...
... no UTF-8 mapping file for font encoding C61
Now handling font encoding C63 ...
... no UTF-8 mapping file for font encoding C63
Now handling font encoding C64 ...
... no UTF-8 mapping file for font encoding C64
Now handling font encoding C65 ...
... no UTF-8 mapping file for font encoding C65
Now handling font encoding C70 ...
... no UTF-8 mapping file for font encoding C70
Now handling font encoding C31 ...
... no UTF-8 mapping file for font encoding C31
Now handling font encoding C32 ...
... no UTF-8 mapping file for font encoding C32
Now handling font encoding C33 ...
... no UTF-8 mapping file for font encoding C33
Now handling font encoding C34 ...
... no UTF-8 mapping file for font encoding C34
Now handling font encoding C35 ...
... no UTF-8 mapping file for font encoding C35
Now handling font encoding C36 ...
... no UTF-8 mapping file for font encoding C36
Now handling font encoding C37 ...
... no UTF-8 mapping file for font encoding C37
Now handling font encoding C80 ...
... no UTF-8 mapping file for font encoding C80
Now handling font encoding C81 ...
... no UTF-8 mapping file for font encoding C81
Now handling font encoding C01 ...
... no UTF-8 mapping file for font encoding C01
Now handling font encoding C11 ...
... no UTF-8 mapping file for font encoding C11
Now handling font encoding C21 ...
... no UTF-8 mapping file for font encoding C21
Now handling font encoding C41 ...
... no UTF-8 mapping file for font encoding C41
Now handling font encoding C62 ...
... no UTF-8 mapping file for font encoding C62
)
\CJK@indent=\box51
)
(/usr/local/texlive/2023/texmf-dist/tex/latex/base/fontenc.sty
Package: fontenc 2021/04/29 v2.0v Standard LaTeX package
))
(/usr/local/texlive/2023/texmf-dist/tex/latex/geometry/geometry.sty
Package: geometry 2020/01/02 v5.9 Page Geometry

(/usr/local/texlive/2023/texmf-dist/tex/latex/graphics/keyval.sty
Package: keyval 2022/05/29 v1.15 key=value parser (DPC)
\KV@toks@=\toks18
)
(/usr/local/texlive/2023/texmf-dist/tex/generic/iftex/ifvtex.sty
Package: ifvtex 2019/10/25 v1.7 ifvtex legacy package. Use iftex instead.
)
\Gm@cnth=\count193
\Gm@cntv=\count194
\c@Gm@tempcnt=\count195
\Gm@bindingoffset=\dimen141
\Gm@wd@mp=\dimen142
\Gm@odd@mp=\dimen143
\Gm@even@mp=\dimen144
\Gm@layoutwidth=\dimen145
\Gm@layoutheight=\dimen146
\Gm@layouthoffset=\dimen147
\Gm@layoutvoffset=\dimen148
\Gm@dimlist=\toks19
)
(/usr/local/texlive/2023/texmf-dist/tex/latex/l3backend/l3backend-pdftex.def
File: l3backend-pdftex.def 2023-01-16 L3 backend support: PDF output (pdfTeX)
\l__color_backend_stack_int=\count196
\l__pdf_internal_box=\box52
)
(./OtherItem2.aux)
\openout1 = `OtherItem2.aux'.

LaTeX Font Info:    Checking defaults for OML/cmm/m/it on input line 5.
LaTeX Font Info:    ... okay on input line 5.
LaTeX Font Info:    Checking defaults for OMS/cmsy/m/n on input line 5.
LaTeX Font Info:    ... okay on input line 5.
LaTeX Font Info:    Checking defaults for OT1/cmr/m/n on input line 5.
LaTeX Font Info:    ... okay on input line 5.
LaTeX Font Info:    Checking defaults for T1/cmr/m/n on input line 5.
LaTeX Font Info:    ... okay on input line 5.
LaTeX Font Info:    Checking defaults for TS1/cmr/m/n on input line 5.
LaTeX Font Info:    ... okay on input line 5.
LaTeX Font Info:    Checking defaults for OMX/cmex/m/n on input line 5.
LaTeX Font Info:    ... okay on input line 5.
LaTeX Font Info:    Checking defaults for U/cmr/m/n on input line 5.
LaTeX Font Info:    ... okay on input line 5.
LaTeX Font Info:    Checking defaults for C00/song/m/n on input line 5.
LaTeX Font Info:    ... okay on input line 5.
LaTeX Font Info:    Checking defaults for C05/song/m/n on input line 5.
LaTeX Font Info:    ... okay on input line 5.
LaTeX Font Info:    Checking defaults for C09/song/m/n on input line 5.
LaTeX Font Info:    ... okay on input line 5.
LaTeX Font Info:    Checking defaults for C10/song/m/n on input line 5.
LaTeX Font Info:    ... okay on input line 5.
LaTeX Font Info:    Checking defaults for C20/song/m/n on input line 5.
LaTeX Font Info:    ... okay on input line 5.
LaTeX Font Info:    Checking defaults for C19/song/m/n on input line 5.
LaTeX Font Info:    ... okay on input line 5.
LaTeX Font Info:    Checking defaults for C40/song/m/n on input line 5.
LaTeX Font Info:    ... okay on input line 5.
LaTeX Font Info:    Checking defaults for C42/song/m/n on input line 5.
LaTeX Font Info:    ... okay on input line 5.
LaTeX Font Info:    Checking defaults for C43/song/m/n on input line 5.
LaTeX Font Info:    ... okay on input line 5.
LaTeX Font Info:    Checking defaults for C50/song/m/n on input line 5.
LaTeX Font Info:    ... okay on input line 5.
LaTeX Font Info:    Checking defaults for C52/song/m/n on input line 5.
LaTeX Font Info:    ... okay on input line 5.
LaTeX Font Info:    Checking defaults for C49/song/m/n on input line 5.
LaTeX Font Info:    ... okay on input line 5.
LaTeX Font Info:    Checking defaults for C60/mj/m/n on input line 5.
LaTeX Font Info:    ... okay on input line 5.
LaTeX Font Info:    Checking defaults for C61/mj/m/n on input line 5.
LaTeX Font Info:    ... okay on input line 5.
LaTeX Font Info:    Checking defaults for C63/mj/m/n on input line 5.
LaTeX Font Info:    ... okay on input line 5.
LaTeX Font Info:    Checking defaults for C64/mj/m/n on input line 5.
LaTeX Font Info:    ... okay on input line 5.
LaTeX Font Info:    Checking defaults for C65/mj/m/n on input line 5.
LaTeX Font Info:    ... okay on input line 5.
LaTeX Font Info:    Checking defaults for C70/song/m/n on input line 5.
LaTeX Font Info:    ... okay on input line 5.
LaTeX Font Info:    Checking defaults for C31/song/m/n on input line 5.
LaTeX Font Info:    ... okay on input line 5.
LaTeX Font Info:    Checking defaults for C32/song/m/n on input line 5.
LaTeX Font Info:    ... okay on input line 5.
LaTeX Font Info:    Checking defaults for C33/song/m/n on input line 5.
LaTeX Font Info:    ... okay on input line 5.
LaTeX Font Info:    Checking defaults for C34/song/m/n on input line 5.
LaTeX Font Info:    ... okay on input line 5.
LaTeX Font Info:    Checking defaults for C35/song/m/n on input line 5.
LaTeX Font Info:    ... okay on input line 5.
LaTeX Font Info:    Checking defaults for C36/song/m/n on input line 5.
LaTeX Font Info:    ... okay on input line 5.
LaTeX Font Info:    Checking defaults for C37/song/m/n on input line 5.
LaTeX Font Info:    ... okay on input line 5.
LaTeX Font Info:    Checking defaults for C80/song/m/n on input line 5.
LaTeX Font Info:    ... okay on input line 5.
LaTeX Font Info:    Checking defaults for C81/song/m/n on input line 5.
LaTeX Font Info:    ... okay on input line 5.
LaTeX Font Info:    Checking defaults for C01/song/m/n on input line 5.
LaTeX Font Info:    ... okay on input line 5.
LaTeX Font Info:    Checking defaults for C11/song/m/n on input line 5.
LaTeX Font Info:    ... okay on input line 5.
LaTeX Font Info:    Checking defaults for C21/song/m/n on input line 5.
LaTeX Font Info:    ... okay on input line 5.
LaTeX Font Info:    Checking defaults for C41/song/m/n on input line 5.
LaTeX Font Info:    ... okay on input line 5.
LaTeX Font Info:    Checking defaults for C62/song/m/n on input line 5.
LaTeX Font Info:    ... okay on input line 5.

*geometry* driver: auto-detecting
*geometry* detected driver: pdftex
*geometry* verbose mode - [ preamble ] result:
* driver: pdftex
* paper: <default>
* layout: <same size as paper>
* layoutoffset:(h,v)=(0.0pt,0.0pt)
* modes: 
* h-part:(L,W,R)=(92.14519pt, 430.00462pt, 92.14519pt)
* v-part:(T,H,B)=(95.39737pt, 556.47656pt, 143.09605pt)
* \paperwidth=614.295pt
* \paperheight=794.96999pt
* \textwidth=430.00462pt
* \textheight=556.47656pt
* \oddsidemargin=19.8752pt
* \evensidemargin=19.8752pt
* \topmargin=-13.87262pt
* \headheight=12.0pt
* \headsep=25.0pt
* \topskip=10.0pt
* \footskip=30.0pt
* \marginparwidth=65.0pt
* \marginparsep=11.0pt
* \columnsep=10.0pt
* \skip\footins=9.0pt plus 4.0pt minus 2.0pt
* \hoffset=0.0pt
* \voffset=0.0pt
* \mag=1000
* \@twocolumnfalse
* \@twosidefalse
* \@mparswitchfalse
* \@reversemarginfalse
* (1in=72.27pt=25.4mm, 1cm=28.453pt)

*geometry* verbose mode - [ newgeometry ] result:
* driver: pdftex
* paper: <default>
* layout: <same size as paper>
* layoutoffset:(h,v)=(0.0pt,0.0pt)
* modes: 
* h-part:(L,W,R)=(56.9055pt, 500.484pt, 56.9055pt)
* v-part:(T,H,B)=(56.9055pt, 681.15898pt, 56.9055pt)
* \paperwidth=614.295pt
* \paperheight=794.96999pt
* \textwidth=500.484pt
* \textheight=681.15898pt
* \oddsidemargin=-15.36449pt
* \evensidemargin=-15.36449pt
* \topmargin=-52.36449pt
* \headheight=12.0pt
* \headsep=25.0pt
* \topskip=10.0pt
* \footskip=30.0pt
* \marginparwidth=65.0pt
* \marginparsep=11.0pt
* \columnsep=10.0pt
* \skip\footins=9.0pt plus 4.0pt minus 2.0pt
* \hoffset=0.0pt
* \voffset=0.0pt
* \mag=1000
* \@twocolumnfalse
* \@twosidefalse
* \@mparswitchfalse
* \@reversemarginfalse
* (1in=72.27pt=25.4mm, 1cm=28.453pt)

(/usr/local/texlive/2023/texmf-dist/tex/latex/cjk/texinput/UTF8/UTF8.bdg
File: UTF8.bdg 2021/10/16 4.8.5
)
(/usr/local/texlive/2023/texmf-dist/tex/latex/cjk/texinput/UTF8/UTF8.enc
File: UTF8.enc 2021/10/16 4.8.5
)
(/usr/local/texlive/2023/texmf-dist/tex/latex/cjk/texinput/UTF8/UTF8.chr
File: UTF8.chr 2021/10/16 4.8.5
)
LaTeX Font Info:    Trying to load font information for C70+gbsn on input line 
16.

(/usr/local/texlive/2023/texmf-dist/tex/latex/cjk/texinput/UTF8/c70gbsn.fd
File: c70gbsn.fd 2021/10/16 4.8.5
)
(/usr/local/texlive/2023/texmf-dist/tex/latex/cjk/texinput/UTF8/c70gbsn.fdx
File: c70gbsn.fdx 2021/10/16 4.8.5
)
LaTeX Font Info:    External font `cmex10' loaded for size
(Font)              <12> on input line 16.
LaTeX Font Info:    External font `cmex10' loaded for size
(Font)              <8> on input line 16.
LaTeX Font Info:    External font `cmex10' loaded for size
(Font)              <6> on input line 16.

[1


{/usr/local/texlive/2023/texmf-var/fonts/map/pdftex/updmap/pdftex.map}{/usr/loc
al/texlive/2023/texmf-dist/fonts/enc/dvips/cm-super/cm-super-ts1.enc}]
[2] (./OtherItem2.aux) ) 
Here is how much of TeX's memory you used:
 3683 strings out of 476025
 52907 string characters out of 5790017
 1898388 words of memory out of 5000000
 23916 multiletter control sequences out of 15000+600000
 552810 words of font info for 174 fonts, out of 8000000 for 9000
 1141 hyphenation exceptions out of 8191
 57i,6n,62p,763b,1075s stack positions out of 10000i,1000n,20000p,200000b,200000s
</usr/local/texlive/2023/texmf-dist/fonts/type1/public/
amsfonts/cm/cmbx12.pfb></usr/local/texlive/2023/texmf-dist/fonts/type1/public/a
msfonts/cm/cmr10.pfb></usr/local/texlive/2023/texmf-dist/fonts/type1/public/ams
fonts/cm/cmr12.pfb></usr/local/texlive/2023/texmf-dist/fonts/type1/arphic/gbsnu
/gbsnu30.pfb></usr/local/texlive/2023/texmf-dist/fonts/type1/arphic/gbsnu/gbsnu
4e.pfb></usr/local/texlive/2023/texmf-dist/fonts/type1/arphic/gbsnu/gbsnu4f.pfb
></usr/local/texlive/2023/texmf-dist/fonts/type1/arphic/gbsnu/gbsnu50.pfb></usr
/local/texlive/2023/texmf-dist/fonts/type1/arphic/gbsnu/gbsnu51.pfb></usr/local
/texlive/2023/texmf-dist/fonts/type1/arphic/gbsnu/gbsnu52.pfb></usr/local/texli
ve/2023/texmf-dist/fonts/type1/arphic/gbsnu/gbsnu53.pfb></usr/local/texlive/202
3/texmf-dist/fonts/type1/arphic/gbsnu/gbsnu54.pfb></usr/local/texlive/2023/texm
f-dist/fonts/type1/arphic/gbsnu/gbsnu55.pfb></usr/local/texlive/2023/texmf-dist
/fonts/type1/arphic/gbsnu/gbsnu56.pfb></usr/local/texlive/2023/texmf-dist/fonts
/type1/arphic/gbsnu/gbsnu57.pfb></usr/local/texlive/2023/texmf-dist/fonts/type1
/arphic/gbsnu/gbsnu58.pfb></usr/local/texlive/2023/texmf-dist/fonts/type1/arphi
c/gbsnu/gbsnu59.pfb></usr/local/texlive/2023/texmf-dist/fonts/type1/arphic/gbsn
u/gbsnu5b.pfb></usr/local/texlive/2023/texmf-dist/fonts/type1/arphic/gbsnu/gbsn
u5c.pfb></usr/local/texlive/2023/texmf-dist/fonts/type1/arphic/gbsnu/gbsnu5d.pf
b></usr/local/texlive/2023/texmf-dist/fonts/type1/arphic/gbsnu/gbsnu5e.pfb></us
r/local/texlive/2023/texmf-dist/fonts/type1/arphic/gbsnu/gbsnu5f.pfb></usr/loca
l/texlive/2023/texmf-dist/fonts/type1/arphic/gbsnu/gbsnu60.pfb></usr/local/texl
ive/2023/texmf-dist/fonts/type1/arphic/gbsnu/gbsnu61.pfb></usr/local/texlive/20
23/texmf-dist/fonts/type1/arphic/gbsnu/gbsnu62.pfb></usr/local/texlive/2023/tex
mf-dist/fonts/type1/arphic/gbsnu/gbsnu63.pfb></usr/local/texlive/2023/texmf-dis
t/fonts/type1/arphic/gbsnu/gbsnu65.pfb></usr/local/texlive/2023/texmf-dist/font
s/type1/arphic/gbsnu/gbsnu66.pfb></usr/local/texlive/2023/texmf-dist/fonts/type
1/arphic/gbsnu/gbsnu67.pfb></usr/local/texlive/2023/texmf-dist/fonts/type1/arph
ic/gbsnu/gbsnu68.pfb></usr/local/texlive/2023/texmf-dist/fonts/type1/arphic/gbs
nu/gbsnu6b.pfb></usr/local/texlive/2023/texmf-dist/fonts/type1/arphic/gbsnu/gbs
nu6c.pfb></usr/local/texlive/2023/texmf-dist/fonts/type1/arphic/gbsnu/gbsnu6d.p
fb></usr/local/texlive/2023/texmf-dist/fonts/type1/arphic/gbsnu/gbsnu6e.pfb></u
sr/local/texlive/2023/texmf-dist/fonts/type1/arphic/gbsnu/gbsnu6f.pfb></usr/loc
al/texlive/2023/texmf-dist/fonts/type1/arphic/gbsnu/gbsnu70.pfb></usr/local/tex
live/2023/texmf-dist/fonts/type1/arphic/gbsnu/gbsnu71.pfb></usr/local/texlive/2
023/texmf-dist/fonts/type1/arphic/gbsnu/gbsnu73.pfb></usr/local/texlive/2023/te
xmf-dist/fonts/type1/arphic/gbsnu/gbsnu74.pfb></usr/local/texlive/2023/texmf-di
st/fonts/type1/arphic/gbsnu/gbsnu75.pfb></usr/local/texlive/2023/texmf-dist/fon
ts/type1/arphic/gbsnu/gbsnu76.pfb></usr/local/texlive/2023/texmf-dist/fonts/typ
e1/arphic/gbsnu/gbsnu77.pfb></usr/local/texlive/2023/texmf-dist/fonts/type1/arp
hic/gbsnu/gbsnu78.pfb></usr/local/texlive/2023/texmf-dist/fonts/type1/arphic/gb
snu/gbsnu79.pfb></usr/local/texlive/2023/texmf-dist/fonts/type1/arphic/gbsnu/gb
snu7a.pfb></usr/local/texlive/2023/texmf-dist/fonts/type1/arphic/gbsnu/gbsnu7b.
pfb></usr/local/texlive/2023/texmf-dist/fonts/type1/arphic/gbsnu/gbsnu7c.pfb></
usr/local/texlive/2023/texmf-dist/fonts/type1/arphic/gbsnu/gbsnu7d.pfb></usr/lo
cal/texlive/2023/texmf-dist/fonts/type1/arphic/gbsnu/gbsnu7e.pfb></usr/local/te
xlive/2023/texmf-dist/fonts/type1/arphic/gbsnu/gbsnu7f.pfb></usr/local/texlive/
2023/texmf-dist/fonts/type1/arphic/gbsnu/gbsnu80.pfb></usr/local/texlive/2023/t
exmf-dist/fonts/type1/arphic/gbsnu/gbsnu81.pfb></usr/local/texlive/2023/texmf-d
ist/fonts/type1/arphic/gbsnu/gbsnu82.pfb></usr/local/texlive/2023/texmf-dist/fo
nts/type1/arphic/gbsnu/gbsnu83.pfb></usr/local/texlive/2023/texmf-dist/fonts/ty
pe1/arphic/gbsnu/gbsnu84.pfb></usr/local/texlive/2023/texmf-dist/fonts/type1/ar
phic/gbsnu/gbsnu87.pfb></usr/local/texlive/2023/texmf-dist/fonts/type1/arphic/g
bsnu/gbsnu88.pfb></usr/local/texlive/2023/texmf-dist/fonts/type1/arphic/gbsnu/g
bsnu89.pfb></usr/local/texlive/2023/texmf-dist/fonts/type1/arphic/gbsnu/gbsnu8b
.pfb></usr/local/texlive/2023/texmf-dist/fonts/type1/arphic/gbsnu/gbsnu8c.pfb><
/usr/local/texlive/2023/texmf-dist/fonts/type1/arphic/gbsnu/gbsnu8d.pfb></usr/l
ocal/texlive/2023/texmf-dist/fonts/type1/arphic/gbsnu/gbsnu8e.pfb></usr/local/t
exlive/2023/texmf-dist/fonts/type1/arphic/gbsnu/gbsnu8f.pfb></usr/local/texlive
/2023/texmf-dist/fonts/type1/arphic/gbsnu/gbsnu90.pfb></usr/local/texlive/2023/
texmf-dist/fonts/type1/arphic/gbsnu/gbsnu91.pfb></usr/local/texlive/2023/texmf-
dist/fonts/type1/arphic/gbsnu/gbsnu92.pfb></usr/local/texlive/2023/texmf-dist/f
onts/type1/arphic/gbsnu/gbsnu95.pfb></usr/local/texlive/2023/texmf-dist/fonts/t
ype1/arphic/gbsnu/gbsnu96.pfb></usr/local/texlive/2023/texmf-dist/fonts/type1/a
rphic/gbsnu/gbsnu97.pfb></usr/local/texlive/2023/texmf-dist/fonts/type1/arphic/
gbsnu/gbsnu98.pfb></usr/local/texlive/2023/texmf-dist/fonts/type1/arphic/gbsnu/
gbsnu9a.pfb></usr/local/texlive/2023/texmf-dist/fonts/type1/arphic/gbsnu/gbsnu9
f.pfb></usr/local/texlive/2023/texmf-dist/fonts/type1/arphic/gbsnu/gbsnuff.pfb>
</usr/local/texlive/2023/texmf-dist/fonts/type1/public/cm-super/sfrm0900.pfb>
Output written on OtherItem2.pdf (2 pages, 428748 bytes).
PDF statistics:
 448 PDF objects out of 1000 (max. 8388607)
 226 compressed objects within 3 object streams
 0 named destinations out of 1000 (max. 500000)
 277 words of extra memory for PDF output out of 10000 (max. 10000000)

