This is XeTeX, Version 3.141592653-2.6-0.999996 (TeX Live 2024) (preloaded format=xelatex 2024.4.4)  9 APR 2024 13:42
entering extended mode
 restricted \write18 enabled.
 %&-line parsing enabled.
**/Users/evawyy/homework/OtherItem/3/solution/OtherItem3.tex
(/Users/evawyy/homework/OtherItem/3/solution/OtherItem3.tex
LaTeX2e <2023-11-01> patch level 1
L3 programming layer <2024-02-20>
(/usr/local/texlive/2024/texmf-dist/tex/latex/base/article.cls
Document Class: article 2023/05/17 v1.4n Standard LaTeX document class
(/usr/local/texlive/2024/texmf-dist/tex/latex/base/size12.clo
File: size12.clo 2023/05/17 v1.4n Standard LaTeX file (size option)
)
\c@part=\count184
\c@section=\count185
\c@subsection=\count186
\c@subsubsection=\count187
\c@paragraph=\count188
\c@subparagraph=\count189
\c@figure=\count190
\c@table=\count191
\abovecaptionskip=\skip48
\belowcaptionskip=\skip49
\bibindent=\dimen140
)
(/usr/local/texlive/2024/texmf-dist/tex/latex/titlesec/titlesec.sty
Package: titlesec 2023/10/27 v2.16 Sectioning titles
\ttl@box=\box51
\beforetitleunit=\skip50
\aftertitleunit=\skip51
\ttl@plus=\dimen141
\ttl@minus=\dimen142
\ttl@toksa=\toks17
\titlewidth=\dimen143
\titlewidthlast=\dimen144
\titlewidthfirst=\dimen145
)
(/usr/local/texlive/2024/texmf-dist/tex/latex/ctex/ctex.sty
(/usr/local/texlive/2024/texmf-dist/tex/latex/l3kernel/expl3.sty
Package: expl3 2024-02-20 L3 programming layer (loader) 

(/usr/local/texlive/2024/texmf-dist/tex/latex/l3backend/l3backend-xetex.def
File: l3backend-xetex.def 2024-02-20 L3 backend support: XeTeX
\g__graphics_track_int=\count192
\l__pdf_internal_box=\box52
\g__pdf_backend_object_int=\count193
\g__pdf_backend_annotation_int=\count194
\g__pdf_backend_link_int=\count195
))
Package: ctex 2022/07/14 v2.5.10 Chinese adapter in LaTeX (CTEX)

(/usr/local/texlive/2024/texmf-dist/tex/latex/ctex/ctexhook.sty
Package: ctexhook 2022/07/14 v2.5.10 Document and package hooks (CTEX)
)
(/usr/local/texlive/2024/texmf-dist/tex/latex/ctex/ctexpatch.sty
Package: ctexpatch 2022/07/14 v2.5.10 Patching commands (CTEX)
)
(/usr/local/texlive/2024/texmf-dist/tex/latex/base/fix-cm.sty
Package: fix-cm 2020/11/24 v1.1t fixes to LaTeX

(/usr/local/texlive/2024/texmf-dist/tex/latex/base/ts1enc.def
File: ts1enc.def 2001/06/05 v3.0e (jk/car/fm) Standard LaTeX file
LaTeX Font Info:    Redeclaring font encoding TS1 on input line 47.
))
\l__ctex_tmp_int=\count196
\l__ctex_tmp_box=\box53
\l__ctex_tmp_dim=\dimen146
\g__ctex_section_depth_int=\count197
\g__ctex_font_size_int=\count198

(/usr/local/texlive/2024/texmf-dist/tex/latex/ctex/config/ctexopts.cfg
File: ctexopts.cfg 2022/07/14 v2.5.10 Option configuration file (CTEX)
)
(/usr/local/texlive/2024/texmf-dist/tex/latex/ctex/engine/ctex-engine-xetex.def
File: ctex-engine-xetex.def 2022/07/14 v2.5.10 XeLaTeX adapter (CTEX)
(/usr/local/texlive/2024/texmf-dist/tex/xelatex/xecjk/xeCJK.sty
Package: xeCJK 2022/08/05 v3.9.1 Typesetting CJK scripts with XeLaTeX

(/usr/local/texlive/2024/texmf-dist/tex/latex/l3packages/xtemplate/xtemplate.st
y
(/usr/local/texlive/2024/texmf-dist/tex/latex/l3packages/xtemplate/xtemplate-20
23-10-10.sty
Package: xtemplate 2023-10-10 L3 Experimental prototype document functions
\l__xtemplate_tmp_dim=\dimen147
\l__xtemplate_tmp_int=\count199
\l__xtemplate_tmp_muskip=\muskip16
\l__xtemplate_tmp_skip=\skip52
))
\l__xeCJK_tmp_int=\count266
\l__xeCJK_tmp_box=\box54
\l__xeCJK_tmp_dim=\dimen148
\l__xeCJK_tmp_skip=\skip53
\g__xeCJK_space_factor_int=\count267
\l__xeCJK_begin_int=\count268
\l__xeCJK_end_int=\count269
\c__xeCJK_CJK_class_int=\XeTeXcharclass1
\c__xeCJK_FullLeft_class_int=\XeTeXcharclass2
\c__xeCJK_FullRight_class_int=\XeTeXcharclass3
\c__xeCJK_HalfLeft_class_int=\XeTeXcharclass4
\c__xeCJK_HalfRight_class_int=\XeTeXcharclass5
\c__xeCJK_NormalSpace_class_int=\XeTeXcharclass6
\c__xeCJK_CM_class_int=\XeTeXcharclass7
\c__xeCJK_HangulJamo_class_int=\XeTeXcharclass8
\l__xeCJK_last_skip=\skip54
\c__xeCJK_none_node=\count270
\g__xeCJK_node_int=\count271
\c__xeCJK_CJK_node_dim=\dimen149
\c__xeCJK_CJK-space_node_dim=\dimen150
\c__xeCJK_default_node_dim=\dimen151
\c__xeCJK_CJK-widow_node_dim=\dimen152
\c__xeCJK_normalspace_node_dim=\dimen153
\c__xeCJK_default-space_node_skip=\skip55
\l__xeCJK_ccglue_skip=\skip56
\l__xeCJK_ecglue_skip=\skip57
\l__xeCJK_punct_kern_skip=\skip58
\l__xeCJK_indent_box=\box55
\l__xeCJK_last_penalty_int=\count272
\l__xeCJK_last_bound_dim=\dimen154
\l__xeCJK_last_kern_dim=\dimen155
\l__xeCJK_widow_penalty_int=\count273

Package xtemplate Info: Declaring object type 'xeCJK/punctuation' taking 0
(xtemplate)             argument(s) on line 2396.

\l__xeCJK_fixed_punct_width_dim=\dimen156
\l__xeCJK_mixed_punct_width_dim=\dimen157
\l__xeCJK_middle_punct_width_dim=\dimen158
\l__xeCJK_fixed_margin_width_dim=\dimen159
\l__xeCJK_mixed_margin_width_dim=\dimen160
\l__xeCJK_middle_margin_width_dim=\dimen161
\l__xeCJK_bound_punct_width_dim=\dimen162
\l__xeCJK_bound_margin_width_dim=\dimen163
\l__xeCJK_margin_minimum_dim=\dimen164
\l__xeCJK_kerning_total_width_dim=\dimen165
\l__xeCJK_same_align_margin_dim=\dimen166
\l__xeCJK_different_align_margin_dim=\dimen167
\l__xeCJK_kerning_margin_width_dim=\dimen168
\l__xeCJK_kerning_margin_minimum_dim=\dimen169
\l__xeCJK_bound_dim=\dimen170
\l__xeCJK_reverse_bound_dim=\dimen171
\l__xeCJK_margin_dim=\dimen172
\l__xeCJK_minimum_bound_dim=\dimen173
\l__xeCJK_kerning_margin_dim=\dimen174
\g__xeCJK_family_int=\count274
\l__xeCJK_fam_int=\count275
\g__xeCJK_fam_allocation_int=\count276
\l__xeCJK_verb_case_int=\count277
\l__xeCJK_verb_exspace_skip=\skip59

(/usr/local/texlive/2024/texmf-dist/tex/latex/fontspec/fontspec.sty
(/usr/local/texlive/2024/texmf-dist/tex/latex/l3packages/xparse/xparse.sty
Package: xparse 2024-02-18 L3 Experimental document command parser
)
Package: fontspec 2024/02/13 v2.9a Font selection for XeLaTeX and LuaLaTeX

(/usr/local/texlive/2024/texmf-dist/tex/latex/fontspec/fontspec-xetex.sty
Package: fontspec-xetex 2024/02/13 v2.9a Font selection for XeLaTeX and LuaLaTe
X
\l__fontspec_script_int=\count278
\l__fontspec_language_int=\count279
\l__fontspec_strnum_int=\count280
\l__fontspec_tmp_int=\count281
\l__fontspec_tmpa_int=\count282
\l__fontspec_tmpb_int=\count283
\l__fontspec_tmpc_int=\count284
\l__fontspec_em_int=\count285
\l__fontspec_emdef_int=\count286
\l__fontspec_strong_int=\count287
\l__fontspec_strongdef_int=\count288
\l__fontspec_tmpa_dim=\dimen175
\l__fontspec_tmpb_dim=\dimen176
\l__fontspec_tmpc_dim=\dimen177

(/usr/local/texlive/2024/texmf-dist/tex/latex/base/fontenc.sty
Package: fontenc 2021/04/29 v2.0v Standard LaTeX package
)
(/usr/local/texlive/2024/texmf-dist/tex/latex/fontspec/fontspec.cfg)))
(/usr/local/texlive/2024/texmf-dist/tex/xelatex/xecjk/xeCJK.cfg
File: xeCJK.cfg 2022/08/05 v3.9.1 Configuration file for xeCJK package
))
\ccwd=\dimen178
\l__ctex_ccglue_skip=\skip60
)
\l__ctex_ziju_dim=\dimen179

(/usr/local/texlive/2024/texmf-dist/tex/latex/zhnumber/zhnumber.sty
Package: zhnumber 2022/07/14 v3.0 Typesetting numbers with Chinese glyphs
\l__zhnum_scale_int=\count289
\l__zhnum_tmp_int=\count290

(/usr/local/texlive/2024/texmf-dist/tex/latex/zhnumber/zhnumber-utf8.cfg
File: zhnumber-utf8.cfg 2022/07/14 v3.0 Chinese numerals with UTF8 encoding
))
(/usr/local/texlive/2024/texmf-dist/tex/latex/ctex/scheme/ctex-scheme-chinese.d
ef
File: ctex-scheme-chinese.def 2022/07/14 v2.5.10 Chinese scheme for generic (CT
EX)
 (/usr/local/texlive/2024/texmf-dist/tex/latex/ctex/config/ctex-name-utf8.cfg
File: ctex-name-utf8.cfg 2022/07/14 v2.5.10 Caption with encoding UTF-8 (CTEX)
)) (/usr/local/texlive/2024/texmf-dist/tex/latex/tools/indentfirst.sty
Package: indentfirst 2023/07/02 v1.03 Indent first paragraph (DPC)
)
(/usr/local/texlive/2024/texmf-dist/tex/latex/ctex/fontset/ctex-fontset-mac.def
File: ctex-fontset-mac.def 2022/07/14 v2.5.10 macOS fonts definition (CTEX)

(/usr/local/texlive/2024/texmf-dist/tex/latex/ctex/fontset/ctex-fontset-macnew.
def
File: ctex-fontset-macnew.def 2022/07/14 v2.5.10 macOS fonts definition for El 
Capitan or later version (CTEX)


Package fontspec Warning: Font "Songti SC Light" does not contain requested
(fontspec)                Script "CJK".


Package fontspec Info: Font family 'SongtiSCLight(0)' created for font 'Songti
(fontspec)             SC Light' with options
(fontspec)             [Script={CJK},BoldItalicFont={Kaiti SC
(fontspec)             Bold},BoldFont={Songti SC Bold},ItalicFont={Kaiti SC}].
(fontspec)              
(fontspec)              This font family consists of the following NFSS
(fontspec)             series/shapes:
(fontspec)              
(fontspec)             - 'normal' (m/n) with NFSS spec.: <->"Songti SC
(fontspec)             Light/OT:language=dflt;"
(fontspec)             - 'small caps'  (m/sc) with NFSS spec.: 
(fontspec)             - 'bold' (b/n) with NFSS spec.: <->"Songti SC
(fontspec)             Bold/OT:language=dflt;"
(fontspec)             - 'bold small caps'  (b/sc) with NFSS spec.: 
(fontspec)             - 'italic' (m/it) with NFSS spec.: <->"Kaiti
(fontspec)             SC/OT:language=dflt;"
(fontspec)             - 'italic small caps'  (m/scit) with NFSS spec.: 
(fontspec)             - 'bold italic' (b/it) with NFSS spec.: <->"Kaiti SC
(fontspec)             Bold/OT:language=dflt;"
(fontspec)             - 'bold italic small caps'  (b/scit) with NFSS spec.: 

))) (/usr/local/texlive/2024/texmf-dist/tex/latex/ctex/config/ctex.cfg
File: ctex.cfg 2022/07/14 v2.5.10 Configuration file (CTEX)
)
(/usr/local/texlive/2024/texmf-dist/tex/latex/geometry/geometry.sty
Package: geometry 2020/01/02 v5.9 Page Geometry

(/usr/local/texlive/2024/texmf-dist/tex/latex/graphics/keyval.sty
Package: keyval 2022/05/29 v1.15 key=value parser (DPC)
\KV@toks@=\toks18
)
(/usr/local/texlive/2024/texmf-dist/tex/generic/iftex/ifvtex.sty
Package: ifvtex 2019/10/25 v1.7 ifvtex legacy package. Use iftex instead.

(/usr/local/texlive/2024/texmf-dist/tex/generic/iftex/iftex.sty
Package: iftex 2022/02/03 v1.0f TeX engine tests
))
\Gm@cnth=\count291
\Gm@cntv=\count292
\c@Gm@tempcnt=\count293
\Gm@bindingoffset=\dimen180
\Gm@wd@mp=\dimen181
\Gm@odd@mp=\dimen182
\Gm@even@mp=\dimen183
\Gm@layoutwidth=\dimen184
\Gm@layoutheight=\dimen185
\Gm@layouthoffset=\dimen186
\Gm@layoutvoffset=\dimen187
\Gm@dimlist=\toks19
)
(./OtherItem3.aux)
\openout1 = `OtherItem3.aux'.

LaTeX Font Info:    Checking defaults for OML/cmm/m/it on input line 11.
LaTeX Font Info:    ... okay on input line 11.
LaTeX Font Info:    Checking defaults for OMS/cmsy/m/n on input line 11.
LaTeX Font Info:    ... okay on input line 11.
LaTeX Font Info:    Checking defaults for OT1/cmr/m/n on input line 11.
LaTeX Font Info:    ... okay on input line 11.
LaTeX Font Info:    Checking defaults for T1/cmr/m/n on input line 11.
LaTeX Font Info:    ... okay on input line 11.
LaTeX Font Info:    Checking defaults for TS1/cmr/m/n on input line 11.
LaTeX Font Info:    ... okay on input line 11.
LaTeX Font Info:    Checking defaults for TU/lmr/m/n on input line 11.
LaTeX Font Info:    ... okay on input line 11.
LaTeX Font Info:    Checking defaults for OMX/cmex/m/n on input line 11.
LaTeX Font Info:    ... okay on input line 11.
LaTeX Font Info:    Checking defaults for U/cmr/m/n on input line 11.
LaTeX Font Info:    ... okay on input line 11.

Package fontspec Info: Adjusting the maths setup (use [no-math] to avoid
(fontspec)             this).

\symlegacymaths=\mathgroup4
LaTeX Font Info:    Overwriting symbol font `legacymaths' in version `bold'
(Font)                  OT1/cmr/m/n --> OT1/cmr/bx/n on input line 11.
LaTeX Font Info:    Redeclaring math accent \acute on input line 11.
LaTeX Font Info:    Redeclaring math accent \grave on input line 11.
LaTeX Font Info:    Redeclaring math accent \ddot on input line 11.
LaTeX Font Info:    Redeclaring math accent \tilde on input line 11.
LaTeX Font Info:    Redeclaring math accent \bar on input line 11.
LaTeX Font Info:    Redeclaring math accent \breve on input line 11.
LaTeX Font Info:    Redeclaring math accent \check on input line 11.
LaTeX Font Info:    Redeclaring math accent \hat on input line 11.
LaTeX Font Info:    Redeclaring math accent \dot on input line 11.
LaTeX Font Info:    Redeclaring math accent \mathring on input line 11.
LaTeX Font Info:    Redeclaring math symbol \colon on input line 11.
LaTeX Font Info:    Redeclaring math symbol \Gamma on input line 11.
LaTeX Font Info:    Redeclaring math symbol \Delta on input line 11.
LaTeX Font Info:    Redeclaring math symbol \Theta on input line 11.
LaTeX Font Info:    Redeclaring math symbol \Lambda on input line 11.
LaTeX Font Info:    Redeclaring math symbol \Xi on input line 11.
LaTeX Font Info:    Redeclaring math symbol \Pi on input line 11.
LaTeX Font Info:    Redeclaring math symbol \Sigma on input line 11.
LaTeX Font Info:    Redeclaring math symbol \Upsilon on input line 11.
LaTeX Font Info:    Redeclaring math symbol \Phi on input line 11.
LaTeX Font Info:    Redeclaring math symbol \Psi on input line 11.
LaTeX Font Info:    Redeclaring math symbol \Omega on input line 11.
LaTeX Font Info:    Redeclaring math symbol \mathdollar on input line 11.
LaTeX Font Info:    Redeclaring symbol font `operators' on input line 11.
LaTeX Font Info:    Encoding `OT1' has changed to `TU' for symbol font
(Font)              `operators' in the math version `normal' on input line 11.
LaTeX Font Info:    Overwriting symbol font `operators' in version `normal'
(Font)                  OT1/cmr/m/n --> TU/lmr/m/n on input line 11.
LaTeX Font Info:    Encoding `OT1' has changed to `TU' for symbol font
(Font)              `operators' in the math version `bold' on input line 11.
LaTeX Font Info:    Overwriting symbol font `operators' in version `bold'
(Font)                  OT1/cmr/bx/n --> TU/lmr/m/n on input line 11.
LaTeX Font Info:    Overwriting symbol font `operators' in version `normal'
(Font)                  TU/lmr/m/n --> TU/lmr/m/n on input line 11.
LaTeX Font Info:    Overwriting math alphabet `\mathit' in version `normal'
(Font)                  OT1/cmr/m/it --> TU/lmr/m/it on input line 11.
LaTeX Font Info:    Overwriting math alphabet `\mathbf' in version `normal'
(Font)                  OT1/cmr/bx/n --> TU/lmr/b/n on input line 11.
LaTeX Font Info:    Overwriting math alphabet `\mathsf' in version `normal'
(Font)                  OT1/cmss/m/n --> TU/lmss/m/n on input line 11.
LaTeX Font Info:    Overwriting math alphabet `\mathtt' in version `normal'
(Font)                  OT1/cmtt/m/n --> TU/lmtt/m/n on input line 11.
LaTeX Font Info:    Overwriting symbol font `operators' in version `bold'
(Font)                  TU/lmr/m/n --> TU/lmr/b/n on input line 11.
LaTeX Font Info:    Overwriting math alphabet `\mathit' in version `bold'
(Font)                  OT1/cmr/bx/it --> TU/lmr/b/it on input line 11.
LaTeX Font Info:    Overwriting math alphabet `\mathsf' in version `bold'
(Font)                  OT1/cmss/bx/n --> TU/lmss/b/n on input line 11.
LaTeX Font Info:    Overwriting math alphabet `\mathtt' in version `bold'
(Font)                  OT1/cmtt/m/n --> TU/lmtt/b/n on input line 11.

*geometry* driver: auto-detecting
*geometry* detected driver: xetex
*geometry* verbose mode - [ preamble ] result:
* driver: xetex
* paper: a4paper
* layout: <same size as paper>
* layoutoffset:(h,v)=(0.0pt,0.0pt)
* modes: 
* h-part:(L,W,R)=(42.67912pt, 512.14963pt, 42.67912pt)
* v-part:(T,H,B)=(56.9055pt, 731.23584pt, 56.9055pt)
* \paperwidth=597.50787pt
* \paperheight=845.04684pt
* \textwidth=512.14963pt
* \textheight=731.23584pt
* \oddsidemargin=-29.59087pt
* \evensidemargin=-29.59087pt
* \topmargin=-52.36449pt
* \headheight=12.0pt
* \headsep=25.0pt
* \topskip=12.0pt
* \footskip=30.0pt
* \marginparwidth=35.0pt
* \marginparsep=10.0pt
* \columnsep=10.0pt
* \skip\footins=10.8pt plus 4.0pt minus 2.0pt
* \hoffset=0.0pt
* \voffset=0.0pt
* \mag=1000
* \@twocolumnfalse
* \@twosidefalse
* \@mparswitchfalse
* \@reversemarginfalse
* (1in=72.27pt=25.4mm, 1cm=28.453pt)

LaTeX Font Info:    External font `cmex10' loaded for size
(Font)              <14.4> on input line 13.
LaTeX Font Info:    External font `cmex10' loaded for size
(Font)              <7> on input line 13.
[1

] [2] (./OtherItem3.aux)
 ***********
LaTeX2e <2023-11-01> patch level 1
L3 programming layer <2022/07/14>
 ***********
 ) 
Here is how much of TeX's memory you used:
 7141 strings out of 474773
 207506 string characters out of 5757725
 1944839 words of memory out of 5000000
 29238 multiletter control sequences out of 15000+600000
 560824 words of font info for 66 fonts, out of 8000000 for 9000
 1348 hyphenation exceptions out of 8191
 93i,6n,97p,460b,259s stack positions out of 10000i,1000n,20000p,200000b,200000s

Output written on OtherItem3.pdf (2 pages).
